<?xml version="1.0" encoding="UTF-8"?>
<testsuite name="com.experiments.service.AssignedExperimentsServiceTest" tests="3" skipped="0" failures="0" errors="0" timestamp="2024-03-12T10:22:53" hostname="UKIMPMKXLGJ20T" time="0.05">
  <properties/>
  <testcase name="findById()" classname="com.experiments.service.AssignedExperimentsServiceTest" time="0.042"/>
  <testcase name="save()" classname="com.experiments.service.AssignedExperimentsServiceTest" time="0.004"/>
  <testcase name="deleteById()" classname="com.experiments.service.AssignedExperimentsServiceTest" time="0.003"/>
  <system-out><![CDATA[2024-03-12T10:22:53.015Z  INFO 16188 --- [    Test worker] t.c.s.AnnotationConfigContextLoaderUtils : Could not detect default configuration classes for test class [com.experiments.service.AssignedExperimentsServiceTest]: AssignedExperimentsServiceTest does not declare any static, non-private, non-final, nested classes annotated with @Configuration.
2024-03-12T10:22:53.019Z  INFO 16188 --- [    Test worker] .b.t.c.SpringBootTestContextBootstrapper : Found @SpringBootConfiguration com.experiments.ExperimentTechTestApplication for test class com.experiments.service.AssignedExperimentsServiceTest

  .   ____          _            __ _ _
 /\\ / ___'_ __ _ _(_)_ __  __ _ \ \ \ \
( ( )\___ | '_ | '_| | '_ \/ _` | \ \ \ \
 \\/  ___)| |_)| | | | | || (_| |  ) ) ) )
  '  |____| .__|_| |_|_| |_\__, | / / / /
 =========|_|==============|___/=/_/_/_/
 :: Spring Boot ::                (v3.2.3)

2024-03-12T10:22:53.030Z  INFO 16188 --- [    Test worker] c.e.s.AssignedExperimentsServiceTest     : Starting AssignedExperimentsServiceTest using Java 17.0.7 with PID 16188 (started by scott.chapman in /Users/scott.chapman/GIT/landd/experimentTechTest)
2024-03-12T10:22:53.030Z  INFO 16188 --- [    Test worker] c.e.s.AssignedExperimentsServiceTest     : No active profile set, falling back to 1 default profile: "default"
2024-03-12T10:22:53.083Z  INFO 16188 --- [    Test worker] .s.d.r.c.RepositoryConfigurationDelegate : Multiple Spring Data modules found, entering strict repository configuration mode
2024-03-12T10:22:53.083Z  INFO 16188 --- [    Test worker] .s.d.r.c.RepositoryConfigurationDelegate : Bootstrapping Spring Data Redis repositories in DEFAULT mode.
2024-03-12T10:22:53.086Z  INFO 16188 --- [    Test worker] .s.d.r.c.RepositoryConfigurationDelegate : Finished Spring Data repository scanning in 2 ms. Found 0 Redis repository interfaces.
2024-03-12T10:22:53.228Z  INFO 16188 --- [    Test worker] c.e.s.AssignedExperimentsServiceTest     : Started AssignedExperimentsServiceTest in 0.206 seconds (process running for 2.498)
2024-03-12T10:22:53.270Z  INFO 16188 --- [    Test worker] c.e.service.AssignedExperimentsService   : Experiment found with id: testId
2024-03-12T10:22:53.274Z  INFO 16188 --- [    Test worker] c.e.service.AssignedExperimentsService   : Experiment saved with id: testId
2024-03-12T10:22:53.279Z  INFO 16188 --- [    Test worker] c.e.service.AssignedExperimentsService   : Experiment deleted with id: testId
]]></system-out>
  <system-err><![CDATA[]]></system-err>
</testsuite>
