<?xml version="1.0" encoding="UTF-8"?>
<testsuite name="com.experiments.service.AssignedExperimentsServiceTest" tests="1" skipped="0" failures="0" errors="0" timestamp="2024-03-07T13:46:43" hostname="UKIMPMKXLGJ20T" time="0.071">
  <properties/>
  <testcase name="deleteById()" classname="com.experiments.service.AssignedExperimentsServiceTest" time="0.071"/>
  <system-out><![CDATA[13:46:41.948 [Test worker] INFO org.springframework.test.context.support.AnnotationConfigContextLoaderUtils -- Could not detect default configuration classes for test class [com.experiments.service.AssignedExperimentsServiceTest]: AssignedExperimentsServiceTest does not declare any static, non-private, non-final, nested classes annotated with @Configuration.
13:46:42.008 [Test worker] INFO org.springframework.boot.test.context.SpringBootTestContextBootstrapper -- Found @SpringBootConfiguration com.experiments.ExperimentTechTestApplication for test class com.experiments.service.AssignedExperimentsServiceTest

  .   ____          _            __ _ _
 /\\ / ___'_ __ _ _(_)_ __  __ _ \ \ \ \
( ( )\___ | '_ | '_| | '_ \/ _` | \ \ \ \
 \\/  ___)| |_)| | | | | || (_| |  ) ) ) )
  '  |____| .__|_| |_|_| |_\__, | / / / /
 =========|_|==============|___/=/_/_/_/
 :: Spring Boot ::                (v3.2.3)

2024-03-07T13:46:42.226Z  INFO 74372 --- [    Test worker] c.e.s.AssignedExperimentsServiceTest     : Starting AssignedExperimentsServiceTest using Java 17.0.7 with PID 74372 (started by scott.chapman in /Users/scott.chapman/GIT/landd/experimentTechTest)
2024-03-07T13:46:42.227Z  INFO 74372 --- [    Test worker] c.e.s.AssignedExperimentsServiceTest     : No active profile set, falling back to 1 default profile: "default"
2024-03-07T13:46:42.525Z  INFO 74372 --- [    Test worker] .s.d.r.c.RepositoryConfigurationDelegate : Multiple Spring Data modules found, entering strict repository configuration mode
2024-03-07T13:46:42.526Z  INFO 74372 --- [    Test worker] .s.d.r.c.RepositoryConfigurationDelegate : Bootstrapping Spring Data Redis repositories in DEFAULT mode.
2024-03-07T13:46:42.542Z  INFO 74372 --- [    Test worker] .s.d.r.c.RepositoryConfigurationDelegate : Finished Spring Data repository scanning in 8 ms. Found 0 Redis repository interfaces.
2024-03-07T13:46:43.621Z ERROR 74372 --- [    Test worker] i.n.r.d.DnsServerAddressStreamProviders  : Unable to load io.netty.resolver.dns.macos.MacOSDnsServerAddressStreamProvider, fallback to system defaults. This may result in incorrect DNS resolutions on MacOS. Check whether you have a dependency on 'io.netty:netty-resolver-dns-native-macos'. Use DEBUG level to see the full stack: java.lang.UnsatisfiedLinkError: failed to load the required native library
2024-03-07T13:46:43.826Z  INFO 74372 --- [    Test worker] c.e.s.AssignedExperimentsServiceTest     : Started AssignedExperimentsServiceTest in 1.728 seconds (process running for 2.386)
2024-03-07T13:46:43.898Z  INFO 74372 --- [    Test worker] c.e.service.AssignedExperimentsService   : Experiment deleted with id: testId
]]></system-out>
  <system-err><![CDATA[]]></system-err>
</testsuite>
